Arguments: 
  /Users/bobbyechoprasetyo/.nvm/versions/node/v16.4.0/bin/node /Users/bobbyechoprasetyo/.nvm/versions/node/v16.4.0/bin/yarn

PATH: 
  /Users/bobbyechoprasetyo/bin:/Users/bobbyechoprasetyo/bin:/Users/bobbyechoprasetyo/Library/Android/sdk/platform-tools:/opt/homebrew/bin:/Users/bobbyechoprasetyo/.nvm/versions/node/v16.4.0/bin:/usr/local/bin:/usr/bin:/bin:/usr/sbin:/sbin:/Library/Apple/usr/bin:/Users/bobbyechoprasetyo/Library/Android/sdk/emulator:/Users/bobbyechoprasetyo/Library/Android/sdk/platform-tools:/opt/homebrew/bin:/Users/bobbyechoprasetyo/.nvm/versions/node/v16.4.0/bin:/usr/local/bin:/usr/bin:/bin:/usr/sbin:/sbin:/Library/Apple/usr/bin/emulator

Yarn version: 
  1.22.10

Node version: 
  16.4.0

Platform: 
  darwin arm64

Trace: 
  SyntaxError: /Users/bobbyechoprasetyo/code/automation/wdio-serenity-cucumber-saucelabs/package.json: Unexpected token m in JSON at position 0
      at JSON.parse (<anonymous>)
      at /Users/bobbyechoprasetyo/.nvm/versions/node/v16.4.0/lib/node_modules/yarn/lib/cli.js:1625:59
      at Generator.next (<anonymous>)
      at step (/Users/bobbyechoprasetyo/.nvm/versions/node/v16.4.0/lib/node_modules/yarn/lib/cli.js:310:30)
      at /Users/bobbyechoprasetyo/.nvm/versions/node/v16.4.0/lib/node_modules/yarn/lib/cli.js:321:13

npm manifest: 
  me": "serenity-js-cucumber-webdriverio-template",
    "version": "1.0.0",
    "description": "",
    "main": "index.js",
    "scripts": {
      "postinstall": "serenity-bdd update",
      "clean": "rimraf target",
      "test": "failsafe clean test:execute test:report",
      "test:execute": "wdio wdio.conf.ts",
      "test:report": "serenity-bdd run --features ./features",
      "lint": "eslint --ext ts --config .eslintrc.js .",
      "lint:fix": "npm run lint -- --fix"
    },
    "repository": {
      "type": "git",
      "url": "git+https://github.com/serenity-js/serenity-js-cucumber-webdriverio-template.git"
    },
    "keywords": [
      "serenity-js",
      "bdd",
      "cucumber",
      "testing",
      "webdriverio"
    ],
    "author": "Jan Molak <jan.molak@smartcodeltd.co.uk>",
    "license": "Apache-2.0",
    "bugs": {
      "url": "https://github.com/serenity-js/serenity-js-cucumber-webdriverio-template/issues"
    },
    "homepage": "https://serenity-js.org",
    "engines": {
      "node": "^12 || ^14 || ^16",
      "npm": "^6 || ^7"
    },
    "devDependencies": {
      "@cucumber/cucumber": "^7.3.1",
      "@serenity-js/assertions": "^2.31.0",
      "@serenity-js/console-reporter": "^2.31.0",
      "@serenity-js/core": "^2.31.0",
      "@serenity-js/cucumber": "^2.31.0",
      "@serenity-js/rest": "^2.31.0",
      "@serenity-js/serenity-bdd": "^2.31.0",
      "@serenity-js/webdriverio": "^2.31.0",
      "@wdio/cli": "^7.10.1",
      "@wdio/cucumber-framework": "^7.10.1",
      "@wdio/local-runner": "^7.10.1",
      "@wdio/spec-reporter": "^7.10.1",
      "@typescript-eslint/eslint-plugin": "^4.29.3",
      "@typescript-eslint/parser": "^4.29.3",
      "chromedriver": "^92.0.1",
      "expect-webdriverio": "^3.1.1",
      "eslint": "^7.32.0",
      "eslint-plugin-import": "^2.24.1",
      "eslint-plugin-simple-import-sort": "^7.0.0",
      "eslint-plugin-unicorn": "^35.0.0",
      "eslint-plugin-unused-imports": "^1.1.4",
      "is-ci": "^3.0.0",
      "npm-failsafe": "^0.4.3",
      "rimraf": "^3.0.2",
      "ts-node": "^10.2.1",
      "typescript": "^4.3.5",
      "wdio-chromedriver-service": "^7.2.0"
    }
  }

yarn manifest: 
  No manifest

Lockfile: 
  No lockfile
